<?xml version="1.0" encoding="UTF-8"?>
<testng-results ignored="0" total="2" passed="2" failed="0" skipped="0">
  <reporter-output>
  </reporter-output>
  <suite started-at="2023-10-04T15:54:17 IST" name="Surefire suite" finished-at="2023-10-04T15:54:29 IST" duration-ms="12118">
    <groups>
    </groups>
    <test started-at="2023-10-04T15:54:17 IST" name="Surefire test" finished-at="2023-10-04T15:54:29 IST" duration-ms="12118">
      <class name="MysecondApp.Demo1.AppTest">
        <test-method signature="LaunchEdge()[pri:0, instance:MysecondApp.Demo1.AppTest@6b419da]" started-at="2023-10-04T15:54:17 IST" name="LaunchEdge" finished-at="2023-10-04T15:54:29 IST" duration-ms="12063" status="PASS">
          <reporter-output>
          </reporter-output>
        </test-method> <!-- LaunchEdge -->
        <test-method signature="g()[pri:0, instance:MysecondApp.Demo1.AppTest@6b419da]" started-at="2023-10-04T15:54:29 IST" name="g" finished-at="2023-10-04T15:54:29 IST" duration-ms="6" status="PASS">
          <reporter-output>
          </reporter-output>
        </test-method> <!-- g -->
      </class> <!-- MysecondApp.Demo1.AppTest -->
    </test> <!-- Surefire test -->
  </suite> <!-- Surefire suite -->
</testng-results>
